<?xml version="1.0" encoding="UTF-8"?>
<!-- Generated by org.testng.reporters.JUnitXMLReporter -->
<testsuite hostname="DESKTOP-H502BT9" ignored="0" name="Test" tests="2" failures="1" timestamp="2022-03-22T17:57:00 EET" time="29.851" errors="0">
  <testcase name="emptyInputsLogin" time="3.417" classname="tests.LoginTests">
    <failure type="java.lang.AssertionError" message="expected [Fill all required fieldsheklll] but found [Fill all required fields]">
      <![CDATA[java.lang.AssertionError: expected [Fill all required fieldsheklll] but found [Fill all required fields]
at tests.LoginTests.emptyInputsLogin(LoginTests.java:80)
at java.util.ArrayList.forEach(ArrayList.java:1259)
at com.intellij.rt.testng.IDEARemoteTestNG.run(IDEARemoteTestNG.java:66)
at com.intellij.rt.testng.RemoteTestNGStarter.main(RemoteTestNGStarter.java:109)
... Removed 30 stack frames]]>
    </failure>
  </testcase> <!-- emptyInputsLogin -->
  <testcase name="successLogin" time="2.903" classname="tests.LoginTests"/>
</testsuite> <!-- Test -->
