<html>
<head>
<title>TestNG:  iphone11</title>
<link href="../testng.css" rel="stylesheet" type="text/css" />
<link href="../my-testng.css" rel="stylesheet" type="text/css" />

<style type="text/css">
.log { display: none;} 
.stack-trace { display: none;} 
</style>
<script type="text/javascript">
<!--
function flip(e) {
  current = e.style.display;
  if (current == 'block') {
    e.style.display = 'none';
    return 0;
  }
  else {
    e.style.display = 'block';
    return 1;
  }
}

function toggleBox(szDivId, elem, msg1, msg2)
{
  var res = -1;  if (document.getElementById) {
    res = flip(document.getElementById(szDivId));
  }
  else if (document.all) {
    // this is the way old msie versions work
    res = flip(document.all[szDivId]);
  }
  if(elem) {
    if(res == 0) elem.innerHTML = msg1; else elem.innerHTML = msg2;
  }

}

function toggleAllBoxes() {
  if (document.getElementsByTagName) {
    d = document.getElementsByTagName('div');
    for (i = 0; i < d.length; i++) {
      if (d[i].className == 'log') {
        flip(d[i]);
      }
    }
  }
}

// -->
</script>

</head>
<body>
<h2 align='center'>iphone11</h2><table border='1' align="center">
<tr>
<td>Tests passed/Failed/Skipped:</td><td>0/0/2</td>
</tr><tr>
<td>Started on:</td><td>Wed Mar 23 15:15:49 EET 2022</td>
</tr>
<tr><td>Total time:</td><td>0 seconds (957 ms)</td>
</tr><tr>
<td>Included groups:</td><td></td>
</tr><tr>
<td>Excluded groups:</td><td></td>
</tr>
</table><p/>
<small><i>(Hover the method name to see the test class name)</i></small><p/>
<table width='100%' border='1' class='invocation-failed'>
<tr><td colspan='4' align='center'><b>FAILED CONFIGURATIONS</b></td></tr>
<tr><td><b>Test method</b></td>
<td width="30%"><b>Exception</b></td>
<td width="10%"><b>Time (seconds)</b></td>
<td><b>Instance</b></td>
</tr>
<tr>
<td title='tests.LoginTests.beforeTest()'><b>beforeTest</b><br>Test class: tests.LoginTests<br>Parameters: ios, iphone11</td>
<td><div><pre>org.openqa.selenium.SessionNotCreatedException: Unable to create a new remote session. Please check the server log for more details. Original error: &apos;platformName&apos; ios not part of Android
Build info: version: &apos;3.141.59&apos;, revision: &apos;e82be7d358&apos;, time: &apos;2018-11-14T08:17:03&apos;
System info: host: &apos;DESKTOP-H502BT9&apos;, ip: &apos;192.168.1.72&apos;, os.name: &apos;Windows 10&apos;, os.arch: &apos;amd64&apos;, os.version: &apos;10.0&apos;, java.version: &apos;1.8.0_271&apos;
Driver info: driver.version: AndroidDriver
remote stacktrace: InvalidArgumentError: &apos;platformName&apos; ios not part of Android
    at validateCaps (C:\Users\Bee\AppData\Roaming\npm\node_modules\appium\node_modules\appium-base-driver\lib\basedriver\capabilities.js:52:11)
    at parseCaps (C:\Users\Bee\AppData\Roaming\npm\node_modules\appium\node_modules\appium-base-driver\lib\basedriver\capabilities.js:165:20)
    at processCapabilities (C:\Users\Bee\AppData\Roaming\npm\node_modules\appium\node_modules\appium-base-driver\lib\basedriver\capabilities.js:211:43)
    at AndroidUiautomator2Driver.createSession (C:\Users\Bee\AppData\Roaming\npm\node_modules\appium\node_modules\appium-base-driver\lib\basedriver\commands\session.js:37:14)
    at AndroidUiautomator2Driver.createSession (C:\Users\Bee\AppData\Roaming\npm\node_modules\appium\node_modules\appium-uiautomator2-driver\lib\driver.js:171:43)
    at AppiumDriver.createSession (C:\Users\Bee\AppData\Roaming\npm\node_modules\appium\lib\appium.js:387:43)
    at processTicksAndRejections (internal/process/task_queues.js:95:5)
Build info: version: &apos;3.141.59&apos;, revision: &apos;e82be7d358&apos;, time: &apos;2018-11-14T08:17:03&apos;
System info: host: &apos;DESKTOP-H502BT9&apos;, ip: &apos;192.168.1.72&apos;, os.name: &apos;Windows 10&apos;, os.arch: &apos;amd64&apos;, os.version: &apos;10.0&apos;, java.version: &apos;1.8.0_271&apos;
Driver info: driver.version: AndroidDriver
	at io.appium.java_client.remote.AppiumCommandExecutor$1.createSession(AppiumCommandExecutor.java:216)
	at io.appium.java_client.remote.AppiumCommandExecutor.createSession(AppiumCommandExecutor.java:225)
	at io.appium.java_client.remote.AppiumCommandExecutor.execute(AppiumCommandExecutor.java:250)
	at org.openqa.selenium.remote.RemoteWebDriver.execute(RemoteWebDriver.java:552)
	at io.appium.java_client.DefaultGenericMobileDriver.execute(DefaultGenericMobileDriver.java:41)
	at io.appium.java_client.AppiumDriver.execute(AppiumDriver.java:1)
	at io.appium.java_client.android.AndroidDriver.execute(AndroidDriver.java:1)
	at org.openqa.selenium.remote.RemoteWebDriver.startSession(RemoteWebDriver.java:213)
	at io.appium.java_client.AppiumDriver.startSession(AppiumDriver.java:363)
	at org.openqa.selenium.remote.RemoteWebDriver.&lt;init&gt;(RemoteWebDriver.java:131)
	at io.appium.java_client.DefaultGenericMobileDriver.&lt;init&gt;(DefaultGenericMobileDriver.java:37)
	at io.appium.java_client.AppiumDriver.&lt;init&gt;(AppiumDriver.java:89)
	at io.appium.java_client.AppiumDriver.&lt;init&gt;(AppiumDriver.java:99)
	at io.appium.java_client.android.AndroidDriver.&lt;init&gt;(AndroidDriver.java:97)
	at com.qa.BaseTest.beforeTest(BaseTest.java:148)
	at io.appium.java_client.remote.AppiumCommandExecutor$1.createSession(AppiumCommandExecutor.java:193)
	... 42 more
Caused by: org.openqa.selenium.InvalidArgumentException: &apos;platformName&apos; ios not part of Android
Build info: version: &apos;3.141.59&apos;, revision: &apos;e82be7d358&apos;, time: &apos;2018-11-14T08:17:03&apos;
System info: host: &apos;DESKTOP-H502BT9&apos;, ip: &apos;192.168.1.72&apos;, os.name: &apos;Windows 10&apos;, os.arch: &apos;amd64&apos;, os.version: &apos;10.0&apos;, java.version: &apos;1.8.0_271&apos;
Driver info: driver.version: AndroidDriver
remote stacktrace: InvalidArgumentError: &apos;platformName&apos; ios not part of Android
    at validateCaps (C:\Users\Bee\AppData\Roaming\npm\node_modules\appium\node_modules\appium-base-driver\lib\basedriver\capabilities.js:52:11)
    at parseCaps (C:\Users\Bee\AppData\Roaming\npm\node_modules\appium\node_modules\appium-base-driver\lib\basedriver\capabilities.js:165:20)
    at processCapabilities (C:\Users\Bee\AppData\Roaming\npm\node_modules\appium\node_modules\appium-base-driver\lib\basedriver\capabilities.js:211:43)
    at AndroidUiautomator2Driver.createSession (C:\Users\Bee\AppData\Roaming\npm\node_modules\appium\node_modules\appium-base-driver\lib\basedriver\commands\session.js:37:14)
    at AndroidUiautomator2Driver.createSession (C:\Users\Bee\AppData\Roaming\npm\node_modules\appium\node_modules\appium-uiautomator2-driver\lib\driver.js:171:43)
    at AppiumDriver.createSession (C:\Users\Bee\AppData\Roaming\npm\node_modules\appium\lib\appium.js:387:43)
    at processTicksAndRejections (internal/process/task_queues.js:95:5)
	at org.openqa.selenium.remote.W3CHandshakeResponse.lambda$errorHandler$0(W3CHandshakeResponse.java:62)
	at org.openqa.selenium.remote.HandshakeResponse.lambda$getResponseFunction$0(HandshakeResponse.java:30)
	at org.openqa.selenium.remote.ProtocolHandshake.lambda$createSession$0(ProtocolHandshake.java:126)
	at java.util.stream.ReferencePipeline$3$1.accept(ReferencePipeline.java:193)
	at java.util.Spliterators$ArraySpliterator.tryAdvance(Spliterators.java:958)
	at java.util.stream.ReferencePipeline.forEachWithCancel(ReferencePipeline.java:126)
	at java.util.stream.AbstractPipeline.copyIntoWithCancel(AbstractPipeline.java:499)
	at java.util.stream.AbstractPipeline.copyInto(AbstractPipeline.java:486)
	at java.util.stream.AbstractPipeline.wrapAndCopyInto(AbstractPipeline.java:472)
	at java.util.stream.FindOps$FindOp.evaluateSequential(FindOps.java:152)
	at java.util.stream.AbstractPipeline.evaluate(AbstractPipeline.java:234)
	at java.util.stream.ReferencePipeline.findFirst(ReferencePipeline.java:464)
	at org.openqa.selenium.remote.ProtocolHandshake.createSession(ProtocolHandshake.java:128)
	... 47 more
... Removed 37 stack frames</pre></div><a href='#' onClick='toggleBox("stack-trace1727420902", this, "Click to show all stack frames", "Click to hide stack frames")'>Click to show all stack frames</a>
<div class='stack-trace' id='stack-trace1727420902'><pre>org.openqa.selenium.SessionNotCreatedException: Unable to create a new remote session. Please check the server log for more details. Original error: &apos;platformName&apos; ios not part of Android
Build info: version: &apos;3.141.59&apos;, revision: &apos;e82be7d358&apos;, time: &apos;2018-11-14T08:17:03&apos;
System info: host: &apos;DESKTOP-H502BT9&apos;, ip: &apos;192.168.1.72&apos;, os.name: &apos;Windows 10&apos;, os.arch: &apos;amd64&apos;, os.version: &apos;10.0&apos;, java.version: &apos;1.8.0_271&apos;
Driver info: driver.version: AndroidDriver
remote stacktrace: InvalidArgumentError: &apos;platformName&apos; ios not part of Android
    at validateCaps (C:\Users\Bee\AppData\Roaming\npm\node_modules\appium\node_modules\appium-base-driver\lib\basedriver\capabilities.js:52:11)
    at parseCaps (C:\Users\Bee\AppData\Roaming\npm\node_modules\appium\node_modules\appium-base-driver\lib\basedriver\capabilities.js:165:20)
    at processCapabilities (C:\Users\Bee\AppData\Roaming\npm\node_modules\appium\node_modules\appium-base-driver\lib\basedriver\capabilities.js:211:43)
    at AndroidUiautomator2Driver.createSession (C:\Users\Bee\AppData\Roaming\npm\node_modules\appium\node_modules\appium-base-driver\lib\basedriver\commands\session.js:37:14)
    at AndroidUiautomator2Driver.createSession (C:\Users\Bee\AppData\Roaming\npm\node_modules\appium\node_modules\appium-uiautomator2-driver\lib\driver.js:171:43)
    at AppiumDriver.createSession (C:\Users\Bee\AppData\Roaming\npm\node_modules\appium\lib\appium.js:387:43)
    at processTicksAndRejections (internal/process/task_queues.js:95:5)
Build info: version: &apos;3.141.59&apos;, revision: &apos;e82be7d358&apos;, time: &apos;2018-11-14T08:17:03&apos;
System info: host: &apos;DESKTOP-H502BT9&apos;, ip: &apos;192.168.1.72&apos;, os.name: &apos;Windows 10&apos;, os.arch: &apos;amd64&apos;, os.version: &apos;10.0&apos;, java.version: &apos;1.8.0_271&apos;
Driver info: driver.version: AndroidDriver
	at io.appium.java_client.remote.AppiumCommandExecutor$1.createSession(AppiumCommandExecutor.java:216)
	at io.appium.java_client.remote.AppiumCommandExecutor.createSession(AppiumCommandExecutor.java:225)
	at io.appium.java_client.remote.AppiumCommandExecutor.execute(AppiumCommandExecutor.java:250)
	at org.openqa.selenium.remote.RemoteWebDriver.execute(RemoteWebDriver.java:552)
	at io.appium.java_client.DefaultGenericMobileDriver.execute(DefaultGenericMobileDriver.java:41)
	at io.appium.java_client.AppiumDriver.execute(AppiumDriver.java:1)
	at io.appium.java_client.android.AndroidDriver.execute(AndroidDriver.java:1)
	at org.openqa.selenium.remote.RemoteWebDriver.startSession(RemoteWebDriver.java:213)
	at io.appium.java_client.AppiumDriver.startSession(AppiumDriver.java:363)
	at org.openqa.selenium.remote.RemoteWebDriver.&lt;init&gt;(RemoteWebDriver.java:131)
	at io.appium.java_client.DefaultGenericMobileDriver.&lt;init&gt;(DefaultGenericMobileDriver.java:37)
	at io.appium.java_client.AppiumDriver.&lt;init&gt;(AppiumDriver.java:89)
	at io.appium.java_client.AppiumDriver.&lt;init&gt;(AppiumDriver.java:99)
	at io.appium.java_client.android.AndroidDriver.&lt;init&gt;(AndroidDriver.java:97)
	at com.qa.BaseTest.beforeTest(BaseTest.java:148)
	at sun.reflect.NativeMethodAccessorImpl.invoke0(Native Method)
	at sun.reflect.NativeMethodAccessorImpl.invoke(NativeMethodAccessorImpl.java:62)
	at sun.reflect.DelegatingMethodAccessorImpl.invoke(DelegatingMethodAccessorImpl.java:43)
	at java.lang.reflect.Method.invoke(Method.java:498)
	at org.testng.internal.invokers.MethodInvocationHelper.invokeMethod(MethodInvocationHelper.java:135)
	at org.testng.internal.invokers.MethodInvocationHelper.invokeMethodConsideringTimeout(MethodInvocationHelper.java:65)
	at org.testng.internal.invokers.ConfigInvoker.invokeConfigurationMethod(ConfigInvoker.java:381)
	at org.testng.internal.invokers.ConfigInvoker.invokeConfigurations(ConfigInvoker.java:319)
	at org.testng.TestRunner.invokeTestConfigurations(TestRunner.java:645)
	at org.testng.TestRunner.beforeRun(TestRunner.java:634)
	at org.testng.TestRunner.run(TestRunner.java:596)
	at org.testng.SuiteRunner.runTest(SuiteRunner.java:429)
	at org.testng.SuiteRunner.runSequentially(SuiteRunner.java:423)
	at org.testng.SuiteRunner.privateRun(SuiteRunner.java:383)
	at org.testng.SuiteRunner.run(SuiteRunner.java:326)
	at org.testng.SuiteRunnerWorker.runSuite(SuiteRunnerWorker.java:52)
	at org.testng.SuiteRunnerWorker.run(SuiteRunnerWorker.java:95)
	at org.testng.TestNG.runSuitesSequentially(TestNG.java:1249)
	at org.testng.TestNG.runSuitesLocally(TestNG.java:1169)
	at org.testng.TestNG.runSuites(TestNG.java:1092)
	at org.testng.TestNG.run(TestNG.java:1060)
	at org.apache.maven.surefire.testng.TestNGExecutor.run(TestNGExecutor.java:284)
	at org.apache.maven.surefire.testng.TestNGXmlTestSuite.execute(TestNGXmlTestSuite.java:75)
	at org.apache.maven.surefire.testng.TestNGProvider.invoke(TestNGProvider.java:119)
	at org.apache.maven.surefire.booter.ForkedBooter.runSuitesInProcess(ForkedBooter.java:428)
	at org.apache.maven.surefire.booter.ForkedBooter.execute(ForkedBooter.java:162)
	at org.apache.maven.surefire.booter.ForkedBooter.run(ForkedBooter.java:562)
	at org.apache.maven.surefire.booter.ForkedBooter.main(ForkedBooter.java:548)
Caused by: java.lang.reflect.InvocationTargetException
	at sun.reflect.NativeMethodAccessorImpl.invoke0(Native Method)
	at sun.reflect.NativeMethodAccessorImpl.invoke(NativeMethodAccessorImpl.java:62)
	at sun.reflect.DelegatingMethodAccessorImpl.invoke(DelegatingMethodAccessorImpl.java:43)
	at java.lang.reflect.Method.invoke(Method.java:498)
	at io.appium.java_client.remote.AppiumCommandExecutor$1.createSession(AppiumCommandExecutor.java:193)
	... 42 more
Caused by: org.openqa.selenium.InvalidArgumentException: &apos;platformName&apos; ios not part of Android
Build info: version: &apos;3.141.59&apos;, revision: &apos;e82be7d358&apos;, time: &apos;2018-11-14T08:17:03&apos;
System info: host: &apos;DESKTOP-H502BT9&apos;, ip: &apos;192.168.1.72&apos;, os.name: &apos;Windows 10&apos;, os.arch: &apos;amd64&apos;, os.version: &apos;10.0&apos;, java.version: &apos;1.8.0_271&apos;
Driver info: driver.version: AndroidDriver
remote stacktrace: InvalidArgumentError: &apos;platformName&apos; ios not part of Android
    at validateCaps (C:\Users\Bee\AppData\Roaming\npm\node_modules\appium\node_modules\appium-base-driver\lib\basedriver\capabilities.js:52:11)
    at parseCaps (C:\Users\Bee\AppData\Roaming\npm\node_modules\appium\node_modules\appium-base-driver\lib\basedriver\capabilities.js:165:20)
    at processCapabilities (C:\Users\Bee\AppData\Roaming\npm\node_modules\appium\node_modules\appium-base-driver\lib\basedriver\capabilities.js:211:43)
    at AndroidUiautomator2Driver.createSession (C:\Users\Bee\AppData\Roaming\npm\node_modules\appium\node_modules\appium-base-driver\lib\basedriver\commands\session.js:37:14)
    at AndroidUiautomator2Driver.createSession (C:\Users\Bee\AppData\Roaming\npm\node_modules\appium\node_modules\appium-uiautomator2-driver\lib\driver.js:171:43)
    at AppiumDriver.createSession (C:\Users\Bee\AppData\Roaming\npm\node_modules\appium\lib\appium.js:387:43)
    at processTicksAndRejections (internal/process/task_queues.js:95:5)
	at sun.reflect.NativeConstructorAccessorImpl.newInstance0(Native Method)
	at sun.reflect.NativeConstructorAccessorImpl.newInstance(NativeConstructorAccessorImpl.java:62)
	at sun.reflect.DelegatingConstructorAccessorImpl.newInstance(DelegatingConstructorAccessorImpl.java:45)
	at java.lang.reflect.Constructor.newInstance(Constructor.java:423)
	at org.openqa.selenium.remote.W3CHandshakeResponse.lambda$errorHandler$0(W3CHandshakeResponse.java:62)
	at org.openqa.selenium.remote.HandshakeResponse.lambda$getResponseFunction$0(HandshakeResponse.java:30)
	at org.openqa.selenium.remote.ProtocolHandshake.lambda$createSession$0(ProtocolHandshake.java:126)
	at java.util.stream.ReferencePipeline$3$1.accept(ReferencePipeline.java:193)
	at java.util.Spliterators$ArraySpliterator.tryAdvance(Spliterators.java:958)
	at java.util.stream.ReferencePipeline.forEachWithCancel(ReferencePipeline.java:126)
	at java.util.stream.AbstractPipeline.copyIntoWithCancel(AbstractPipeline.java:499)
	at java.util.stream.AbstractPipeline.copyInto(AbstractPipeline.java:486)
	at java.util.stream.AbstractPipeline.wrapAndCopyInto(AbstractPipeline.java:472)
	at java.util.stream.FindOps$FindOp.evaluateSequential(FindOps.java:152)
	at java.util.stream.AbstractPipeline.evaluate(AbstractPipeline.java:234)
	at java.util.stream.ReferencePipeline.findFirst(ReferencePipeline.java:464)
	at org.openqa.selenium.remote.ProtocolHandshake.createSession(ProtocolHandshake.java:128)
	... 47 more
</pre></div></td>
<td>0</td>
<td>tests.LoginTests@76a4d6c</td></tr>
</table><p>
<table width='100%' border='1' class='invocation-skipped'>
<tr><td colspan='4' align='center'><b>SKIPPED CONFIGURATIONS</b></td></tr>
<tr><td><b>Test method</b></td>
<td width="30%"><b>Exception</b></td>
<td width="10%"><b>Time (seconds)</b></td>
<td><b>Instance</b></td>
</tr>
<tr>
<td title='tests.LoginTests.afterMethod()'><b>afterMethod</b><br>Test class: tests.LoginTests</td>
<td></td>
<td>0</td>
<td>tests.LoginTests@76a4d6c</td></tr>
<tr>
<td title='tests.LoginTests.beforeMethod()'><b>beforeMethod</b><br>Test class: tests.LoginTests</td>
<td></td>
<td>0</td>
<td>tests.LoginTests@76a4d6c</td></tr>
<tr>
<td title='tests.LoginTests.afterMethod()'><b>afterMethod</b><br>Test class: tests.LoginTests</td>
<td></td>
<td>0</td>
<td>tests.LoginTests@76a4d6c</td></tr>
<tr>
<td title='tests.LoginTests.beforeMethod()'><b>beforeMethod</b><br>Test class: tests.LoginTests</td>
<td></td>
<td>0</td>
<td>tests.LoginTests@76a4d6c</td></tr>
<tr>
<td title='tests.LoginTests.beforeMethod()'><b>beforeMethod</b><br>Test class: tests.LoginTests</td>
<td></td>
<td>0</td>
<td>tests.LoginTests@76a4d6c</td></tr>
<tr>
<td title='tests.LoginTests.beforeMethod()'><b>beforeMethod</b><br>Test class: tests.LoginTests</td>
<td></td>
<td>0</td>
<td>tests.LoginTests@76a4d6c</td></tr>
<tr>
<td title='tests.LoginTests.afterMethod()'><b>afterMethod</b><br>Test class: tests.LoginTests</td>
<td></td>
<td>0</td>
<td>tests.LoginTests@76a4d6c</td></tr>
<tr>
<td title='tests.LoginTests.afterClass()'><b>afterClass</b><br>Test class: tests.LoginTests</td>
<td></td>
<td>0</td>
<td>tests.LoginTests@76a4d6c</td></tr>
<tr>
<td title='tests.LoginTests.afterTest()'><b>afterTest</b><br>Test class: tests.LoginTests</td>
<td></td>
<td>0</td>
<td>tests.LoginTests@76a4d6c</td></tr>
<tr>
<td title='tests.LoginTests.beforeClass()'><b>beforeClass</b><br>Test class: tests.LoginTests</td>
<td></td>
<td>0</td>
<td>tests.LoginTests@76a4d6c</td></tr>
<tr>
<td title='tests.LoginTests.afterMethod()'><b>afterMethod</b><br>Test class: tests.LoginTests</td>
<td></td>
<td>0</td>
<td>tests.LoginTests@76a4d6c</td></tr>
</table><p>
<table width='100%' border='1' class='invocation-skipped'>
<tr><td colspan='4' align='center'><b>SKIPPED TESTS</b></td></tr>
<tr><td><b>Test method</b></td>
<td width="30%"><b>Exception</b></td>
<td width="10%"><b>Time (seconds)</b></td>
<td><b>Instance</b></td>
</tr>
<tr>
<td title='tests.LoginTests.emptyInputsLogin()'><b>emptyInputsLogin</b><br>Test class: tests.LoginTests</td>
<td><div><pre>org.openqa.selenium.SessionNotCreatedException: Unable to create a new remote session. Please check the server log for more details. Original error: &apos;platformName&apos; ios not part of Android
Build info: version: &apos;3.141.59&apos;, revision: &apos;e82be7d358&apos;, time: &apos;2018-11-14T08:17:03&apos;
System info: host: &apos;DESKTOP-H502BT9&apos;, ip: &apos;192.168.1.72&apos;, os.name: &apos;Windows 10&apos;, os.arch: &apos;amd64&apos;, os.version: &apos;10.0&apos;, java.version: &apos;1.8.0_271&apos;
Driver info: driver.version: AndroidDriver
remote stacktrace: InvalidArgumentError: &apos;platformName&apos; ios not part of Android
    at validateCaps (C:\Users\Bee\AppData\Roaming\npm\node_modules\appium\node_modules\appium-base-driver\lib\basedriver\capabilities.js:52:11)
    at parseCaps (C:\Users\Bee\AppData\Roaming\npm\node_modules\appium\node_modules\appium-base-driver\lib\basedriver\capabilities.js:165:20)
    at processCapabilities (C:\Users\Bee\AppData\Roaming\npm\node_modules\appium\node_modules\appium-base-driver\lib\basedriver\capabilities.js:211:43)
    at AndroidUiautomator2Driver.createSession (C:\Users\Bee\AppData\Roaming\npm\node_modules\appium\node_modules\appium-base-driver\lib\basedriver\commands\session.js:37:14)
    at AndroidUiautomator2Driver.createSession (C:\Users\Bee\AppData\Roaming\npm\node_modules\appium\node_modules\appium-uiautomator2-driver\lib\driver.js:171:43)
    at AppiumDriver.createSession (C:\Users\Bee\AppData\Roaming\npm\node_modules\appium\lib\appium.js:387:43)
    at processTicksAndRejections (internal/process/task_queues.js:95:5)
Build info: version: &apos;3.141.59&apos;, revision: &apos;e82be7d358&apos;, time: &apos;2018-11-14T08:17:03&apos;
System info: host: &apos;DESKTOP-H502BT9&apos;, ip: &apos;192.168.1.72&apos;, os.name: &apos;Windows 10&apos;, os.arch: &apos;amd64&apos;, os.version: &apos;10.0&apos;, java.version: &apos;1.8.0_271&apos;
Driver info: driver.version: AndroidDriver
	at io.appium.java_client.remote.AppiumCommandExecutor$1.createSession(AppiumCommandExecutor.java:216)
	at io.appium.java_client.remote.AppiumCommandExecutor.createSession(AppiumCommandExecutor.java:225)
	at io.appium.java_client.remote.AppiumCommandExecutor.execute(AppiumCommandExecutor.java:250)
	at org.openqa.selenium.remote.RemoteWebDriver.execute(RemoteWebDriver.java:552)
	at io.appium.java_client.DefaultGenericMobileDriver.execute(DefaultGenericMobileDriver.java:41)
	at io.appium.java_client.AppiumDriver.execute(AppiumDriver.java:1)
	at io.appium.java_client.android.AndroidDriver.execute(AndroidDriver.java:1)
	at org.openqa.selenium.remote.RemoteWebDriver.startSession(RemoteWebDriver.java:213)
	at io.appium.java_client.AppiumDriver.startSession(AppiumDriver.java:363)
	at org.openqa.selenium.remote.RemoteWebDriver.&lt;init&gt;(RemoteWebDriver.java:131)
	at io.appium.java_client.DefaultGenericMobileDriver.&lt;init&gt;(DefaultGenericMobileDriver.java:37)
	at io.appium.java_client.AppiumDriver.&lt;init&gt;(AppiumDriver.java:89)
	at io.appium.java_client.AppiumDriver.&lt;init&gt;(AppiumDriver.java:99)
	at io.appium.java_client.android.AndroidDriver.&lt;init&gt;(AndroidDriver.java:97)
	at com.qa.BaseTest.beforeTest(BaseTest.java:148)
	at io.appium.java_client.remote.AppiumCommandExecutor$1.createSession(AppiumCommandExecutor.java:193)
	... 42 more
Caused by: org.openqa.selenium.InvalidArgumentException: &apos;platformName&apos; ios not part of Android
Build info: version: &apos;3.141.59&apos;, revision: &apos;e82be7d358&apos;, time: &apos;2018-11-14T08:17:03&apos;
System info: host: &apos;DESKTOP-H502BT9&apos;, ip: &apos;192.168.1.72&apos;, os.name: &apos;Windows 10&apos;, os.arch: &apos;amd64&apos;, os.version: &apos;10.0&apos;, java.version: &apos;1.8.0_271&apos;
Driver info: driver.version: AndroidDriver
remote stacktrace: InvalidArgumentError: &apos;platformName&apos; ios not part of Android
    at validateCaps (C:\Users\Bee\AppData\Roaming\npm\node_modules\appium\node_modules\appium-base-driver\lib\basedriver\capabilities.js:52:11)
    at parseCaps (C:\Users\Bee\AppData\Roaming\npm\node_modules\appium\node_modules\appium-base-driver\lib\basedriver\capabilities.js:165:20)
    at processCapabilities (C:\Users\Bee\AppData\Roaming\npm\node_modules\appium\node_modules\appium-base-driver\lib\basedriver\capabilities.js:211:43)
    at AndroidUiautomator2Driver.createSession (C:\Users\Bee\AppData\Roaming\npm\node_modules\appium\node_modules\appium-base-driver\lib\basedriver\commands\session.js:37:14)
    at AndroidUiautomator2Driver.createSession (C:\Users\Bee\AppData\Roaming\npm\node_modules\appium\node_modules\appium-uiautomator2-driver\lib\driver.js:171:43)
    at AppiumDriver.createSession (C:\Users\Bee\AppData\Roaming\npm\node_modules\appium\lib\appium.js:387:43)
    at processTicksAndRejections (internal/process/task_queues.js:95:5)
	at org.openqa.selenium.remote.W3CHandshakeResponse.lambda$errorHandler$0(W3CHandshakeResponse.java:62)
	at org.openqa.selenium.remote.HandshakeResponse.lambda$getResponseFunction$0(HandshakeResponse.java:30)
	at org.openqa.selenium.remote.ProtocolHandshake.lambda$createSession$0(ProtocolHandshake.java:126)
	at java.util.stream.ReferencePipeline$3$1.accept(ReferencePipeline.java:193)
	at java.util.Spliterators$ArraySpliterator.tryAdvance(Spliterators.java:958)
	at java.util.stream.ReferencePipeline.forEachWithCancel(ReferencePipeline.java:126)
	at java.util.stream.AbstractPipeline.copyIntoWithCancel(AbstractPipeline.java:499)
	at java.util.stream.AbstractPipeline.copyInto(AbstractPipeline.java:486)
	at java.util.stream.AbstractPipeline.wrapAndCopyInto(AbstractPipeline.java:472)
	at java.util.stream.FindOps$FindOp.evaluateSequential(FindOps.java:152)
	at java.util.stream.AbstractPipeline.evaluate(AbstractPipeline.java:234)
	at java.util.stream.ReferencePipeline.findFirst(ReferencePipeline.java:464)
	at org.openqa.selenium.remote.ProtocolHandshake.createSession(ProtocolHandshake.java:128)
	... 47 more
... Removed 37 stack frames</pre></div><a href='#' onClick='toggleBox("stack-trace223783590", this, "Click to show all stack frames", "Click to hide stack frames")'>Click to show all stack frames</a>
<div class='stack-trace' id='stack-trace223783590'><pre>org.openqa.selenium.SessionNotCreatedException: Unable to create a new remote session. Please check the server log for more details. Original error: &apos;platformName&apos; ios not part of Android
Build info: version: &apos;3.141.59&apos;, revision: &apos;e82be7d358&apos;, time: &apos;2018-11-14T08:17:03&apos;
System info: host: &apos;DESKTOP-H502BT9&apos;, ip: &apos;192.168.1.72&apos;, os.name: &apos;Windows 10&apos;, os.arch: &apos;amd64&apos;, os.version: &apos;10.0&apos;, java.version: &apos;1.8.0_271&apos;
Driver info: driver.version: AndroidDriver
remote stacktrace: InvalidArgumentError: &apos;platformName&apos; ios not part of Android
    at validateCaps (C:\Users\Bee\AppData\Roaming\npm\node_modules\appium\node_modules\appium-base-driver\lib\basedriver\capabilities.js:52:11)
    at parseCaps (C:\Users\Bee\AppData\Roaming\npm\node_modules\appium\node_modules\appium-base-driver\lib\basedriver\capabilities.js:165:20)
    at processCapabilities (C:\Users\Bee\AppData\Roaming\npm\node_modules\appium\node_modules\appium-base-driver\lib\basedriver\capabilities.js:211:43)
    at AndroidUiautomator2Driver.createSession (C:\Users\Bee\AppData\Roaming\npm\node_modules\appium\node_modules\appium-base-driver\lib\basedriver\commands\session.js:37:14)
    at AndroidUiautomator2Driver.createSession (C:\Users\Bee\AppData\Roaming\npm\node_modules\appium\node_modules\appium-uiautomator2-driver\lib\driver.js:171:43)
    at AppiumDriver.createSession (C:\Users\Bee\AppData\Roaming\npm\node_modules\appium\lib\appium.js:387:43)
    at processTicksAndRejections (internal/process/task_queues.js:95:5)
Build info: version: &apos;3.141.59&apos;, revision: &apos;e82be7d358&apos;, time: &apos;2018-11-14T08:17:03&apos;
System info: host: &apos;DESKTOP-H502BT9&apos;, ip: &apos;192.168.1.72&apos;, os.name: &apos;Windows 10&apos;, os.arch: &apos;amd64&apos;, os.version: &apos;10.0&apos;, java.version: &apos;1.8.0_271&apos;
Driver info: driver.version: AndroidDriver
	at io.appium.java_client.remote.AppiumCommandExecutor$1.createSession(AppiumCommandExecutor.java:216)
	at io.appium.java_client.remote.AppiumCommandExecutor.createSession(AppiumCommandExecutor.java:225)
	at io.appium.java_client.remote.AppiumCommandExecutor.execute(AppiumCommandExecutor.java:250)
	at org.openqa.selenium.remote.RemoteWebDriver.execute(RemoteWebDriver.java:552)
	at io.appium.java_client.DefaultGenericMobileDriver.execute(DefaultGenericMobileDriver.java:41)
	at io.appium.java_client.AppiumDriver.execute(AppiumDriver.java:1)
	at io.appium.java_client.android.AndroidDriver.execute(AndroidDriver.java:1)
	at org.openqa.selenium.remote.RemoteWebDriver.startSession(RemoteWebDriver.java:213)
	at io.appium.java_client.AppiumDriver.startSession(AppiumDriver.java:363)
	at org.openqa.selenium.remote.RemoteWebDriver.&lt;init&gt;(RemoteWebDriver.java:131)
	at io.appium.java_client.DefaultGenericMobileDriver.&lt;init&gt;(DefaultGenericMobileDriver.java:37)
	at io.appium.java_client.AppiumDriver.&lt;init&gt;(AppiumDriver.java:89)
	at io.appium.java_client.AppiumDriver.&lt;init&gt;(AppiumDriver.java:99)
	at io.appium.java_client.android.AndroidDriver.&lt;init&gt;(AndroidDriver.java:97)
	at com.qa.BaseTest.beforeTest(BaseTest.java:148)
	at sun.reflect.NativeMethodAccessorImpl.invoke0(Native Method)
	at sun.reflect.NativeMethodAccessorImpl.invoke(NativeMethodAccessorImpl.java:62)
	at sun.reflect.DelegatingMethodAccessorImpl.invoke(DelegatingMethodAccessorImpl.java:43)
	at java.lang.reflect.Method.invoke(Method.java:498)
	at org.testng.internal.invokers.MethodInvocationHelper.invokeMethod(MethodInvocationHelper.java:135)
	at org.testng.internal.invokers.MethodInvocationHelper.invokeMethodConsideringTimeout(MethodInvocationHelper.java:65)
	at org.testng.internal.invokers.ConfigInvoker.invokeConfigurationMethod(ConfigInvoker.java:381)
	at org.testng.internal.invokers.ConfigInvoker.invokeConfigurations(ConfigInvoker.java:319)
	at org.testng.TestRunner.invokeTestConfigurations(TestRunner.java:645)
	at org.testng.TestRunner.beforeRun(TestRunner.java:634)
	at org.testng.TestRunner.run(TestRunner.java:596)
	at org.testng.SuiteRunner.runTest(SuiteRunner.java:429)
	at org.testng.SuiteRunner.runSequentially(SuiteRunner.java:423)
	at org.testng.SuiteRunner.privateRun(SuiteRunner.java:383)
	at org.testng.SuiteRunner.run(SuiteRunner.java:326)
	at org.testng.SuiteRunnerWorker.runSuite(SuiteRunnerWorker.java:52)
	at org.testng.SuiteRunnerWorker.run(SuiteRunnerWorker.java:95)
	at org.testng.TestNG.runSuitesSequentially(TestNG.java:1249)
	at org.testng.TestNG.runSuitesLocally(TestNG.java:1169)
	at org.testng.TestNG.runSuites(TestNG.java:1092)
	at org.testng.TestNG.run(TestNG.java:1060)
	at org.apache.maven.surefire.testng.TestNGExecutor.run(TestNGExecutor.java:284)
	at org.apache.maven.surefire.testng.TestNGXmlTestSuite.execute(TestNGXmlTestSuite.java:75)
	at org.apache.maven.surefire.testng.TestNGProvider.invoke(TestNGProvider.java:119)
	at org.apache.maven.surefire.booter.ForkedBooter.runSuitesInProcess(ForkedBooter.java:428)
	at org.apache.maven.surefire.booter.ForkedBooter.execute(ForkedBooter.java:162)
	at org.apache.maven.surefire.booter.ForkedBooter.run(ForkedBooter.java:562)
	at org.apache.maven.surefire.booter.ForkedBooter.main(ForkedBooter.java:548)
Caused by: java.lang.reflect.InvocationTargetException
	at sun.reflect.NativeMethodAccessorImpl.invoke0(Native Method)
	at sun.reflect.NativeMethodAccessorImpl.invoke(NativeMethodAccessorImpl.java:62)
	at sun.reflect.DelegatingMethodAccessorImpl.invoke(DelegatingMethodAccessorImpl.java:43)
	at java.lang.reflect.Method.invoke(Method.java:498)
	at io.appium.java_client.remote.AppiumCommandExecutor$1.createSession(AppiumCommandExecutor.java:193)
	... 42 more
Caused by: org.openqa.selenium.InvalidArgumentException: &apos;platformName&apos; ios not part of Android
Build info: version: &apos;3.141.59&apos;, revision: &apos;e82be7d358&apos;, time: &apos;2018-11-14T08:17:03&apos;
System info: host: &apos;DESKTOP-H502BT9&apos;, ip: &apos;192.168.1.72&apos;, os.name: &apos;Windows 10&apos;, os.arch: &apos;amd64&apos;, os.version: &apos;10.0&apos;, java.version: &apos;1.8.0_271&apos;
Driver info: driver.version: AndroidDriver
remote stacktrace: InvalidArgumentError: &apos;platformName&apos; ios not part of Android
    at validateCaps (C:\Users\Bee\AppData\Roaming\npm\node_modules\appium\node_modules\appium-base-driver\lib\basedriver\capabilities.js:52:11)
    at parseCaps (C:\Users\Bee\AppData\Roaming\npm\node_modules\appium\node_modules\appium-base-driver\lib\basedriver\capabilities.js:165:20)
    at processCapabilities (C:\Users\Bee\AppData\Roaming\npm\node_modules\appium\node_modules\appium-base-driver\lib\basedriver\capabilities.js:211:43)
    at AndroidUiautomator2Driver.createSession (C:\Users\Bee\AppData\Roaming\npm\node_modules\appium\node_modules\appium-base-driver\lib\basedriver\commands\session.js:37:14)
    at AndroidUiautomator2Driver.createSession (C:\Users\Bee\AppData\Roaming\npm\node_modules\appium\node_modules\appium-uiautomator2-driver\lib\driver.js:171:43)
    at AppiumDriver.createSession (C:\Users\Bee\AppData\Roaming\npm\node_modules\appium\lib\appium.js:387:43)
    at processTicksAndRejections (internal/process/task_queues.js:95:5)
	at sun.reflect.NativeConstructorAccessorImpl.newInstance0(Native Method)
	at sun.reflect.NativeConstructorAccessorImpl.newInstance(NativeConstructorAccessorImpl.java:62)
	at sun.reflect.DelegatingConstructorAccessorImpl.newInstance(DelegatingConstructorAccessorImpl.java:45)
	at java.lang.reflect.Constructor.newInstance(Constructor.java:423)
	at org.openqa.selenium.remote.W3CHandshakeResponse.lambda$errorHandler$0(W3CHandshakeResponse.java:62)
	at org.openqa.selenium.remote.HandshakeResponse.lambda$getResponseFunction$0(HandshakeResponse.java:30)
	at org.openqa.selenium.remote.ProtocolHandshake.lambda$createSession$0(ProtocolHandshake.java:126)
	at java.util.stream.ReferencePipeline$3$1.accept(ReferencePipeline.java:193)
	at java.util.Spliterators$ArraySpliterator.tryAdvance(Spliterators.java:958)
	at java.util.stream.ReferencePipeline.forEachWithCancel(ReferencePipeline.java:126)
	at java.util.stream.AbstractPipeline.copyIntoWithCancel(AbstractPipeline.java:499)
	at java.util.stream.AbstractPipeline.copyInto(AbstractPipeline.java:486)
	at java.util.stream.AbstractPipeline.wrapAndCopyInto(AbstractPipeline.java:472)
	at java.util.stream.FindOps$FindOp.evaluateSequential(FindOps.java:152)
	at java.util.stream.AbstractPipeline.evaluate(AbstractPipeline.java:234)
	at java.util.stream.ReferencePipeline.findFirst(ReferencePipeline.java:464)
	at org.openqa.selenium.remote.ProtocolHandshake.createSession(ProtocolHandshake.java:128)
	... 47 more
</pre></div></td>
<td>0</td>
<td>tests.LoginTests@76a4d6c</td></tr>
<tr>
<td title='tests.LoginTests.successLogin()'><b>successLogin</b><br>Test class: tests.LoginTests</td>
<td><div><pre>org.openqa.selenium.SessionNotCreatedException: Unable to create a new remote session. Please check the server log for more details. Original error: &apos;platformName&apos; ios not part of Android
Build info: version: &apos;3.141.59&apos;, revision: &apos;e82be7d358&apos;, time: &apos;2018-11-14T08:17:03&apos;
System info: host: &apos;DESKTOP-H502BT9&apos;, ip: &apos;192.168.1.72&apos;, os.name: &apos;Windows 10&apos;, os.arch: &apos;amd64&apos;, os.version: &apos;10.0&apos;, java.version: &apos;1.8.0_271&apos;
Driver info: driver.version: AndroidDriver
remote stacktrace: InvalidArgumentError: &apos;platformName&apos; ios not part of Android
    at validateCaps (C:\Users\Bee\AppData\Roaming\npm\node_modules\appium\node_modules\appium-base-driver\lib\basedriver\capabilities.js:52:11)
    at parseCaps (C:\Users\Bee\AppData\Roaming\npm\node_modules\appium\node_modules\appium-base-driver\lib\basedriver\capabilities.js:165:20)
    at processCapabilities (C:\Users\Bee\AppData\Roaming\npm\node_modules\appium\node_modules\appium-base-driver\lib\basedriver\capabilities.js:211:43)
    at AndroidUiautomator2Driver.createSession (C:\Users\Bee\AppData\Roaming\npm\node_modules\appium\node_modules\appium-base-driver\lib\basedriver\commands\session.js:37:14)
    at AndroidUiautomator2Driver.createSession (C:\Users\Bee\AppData\Roaming\npm\node_modules\appium\node_modules\appium-uiautomator2-driver\lib\driver.js:171:43)
    at AppiumDriver.createSession (C:\Users\Bee\AppData\Roaming\npm\node_modules\appium\lib\appium.js:387:43)
    at processTicksAndRejections (internal/process/task_queues.js:95:5)
Build info: version: &apos;3.141.59&apos;, revision: &apos;e82be7d358&apos;, time: &apos;2018-11-14T08:17:03&apos;
System info: host: &apos;DESKTOP-H502BT9&apos;, ip: &apos;192.168.1.72&apos;, os.name: &apos;Windows 10&apos;, os.arch: &apos;amd64&apos;, os.version: &apos;10.0&apos;, java.version: &apos;1.8.0_271&apos;
Driver info: driver.version: AndroidDriver
	at io.appium.java_client.remote.AppiumCommandExecutor$1.createSession(AppiumCommandExecutor.java:216)
	at io.appium.java_client.remote.AppiumCommandExecutor.createSession(AppiumCommandExecutor.java:225)
	at io.appium.java_client.remote.AppiumCommandExecutor.execute(AppiumCommandExecutor.java:250)
	at org.openqa.selenium.remote.RemoteWebDriver.execute(RemoteWebDriver.java:552)
	at io.appium.java_client.DefaultGenericMobileDriver.execute(DefaultGenericMobileDriver.java:41)
	at io.appium.java_client.AppiumDriver.execute(AppiumDriver.java:1)
	at io.appium.java_client.android.AndroidDriver.execute(AndroidDriver.java:1)
	at org.openqa.selenium.remote.RemoteWebDriver.startSession(RemoteWebDriver.java:213)
	at io.appium.java_client.AppiumDriver.startSession(AppiumDriver.java:363)
	at org.openqa.selenium.remote.RemoteWebDriver.&lt;init&gt;(RemoteWebDriver.java:131)
	at io.appium.java_client.DefaultGenericMobileDriver.&lt;init&gt;(DefaultGenericMobileDriver.java:37)
	at io.appium.java_client.AppiumDriver.&lt;init&gt;(AppiumDriver.java:89)
	at io.appium.java_client.AppiumDriver.&lt;init&gt;(AppiumDriver.java:99)
	at io.appium.java_client.android.AndroidDriver.&lt;init&gt;(AndroidDriver.java:97)
	at com.qa.BaseTest.beforeTest(BaseTest.java:148)
	at io.appium.java_client.remote.AppiumCommandExecutor$1.createSession(AppiumCommandExecutor.java:193)
	... 42 more
Caused by: org.openqa.selenium.InvalidArgumentException: &apos;platformName&apos; ios not part of Android
Build info: version: &apos;3.141.59&apos;, revision: &apos;e82be7d358&apos;, time: &apos;2018-11-14T08:17:03&apos;
System info: host: &apos;DESKTOP-H502BT9&apos;, ip: &apos;192.168.1.72&apos;, os.name: &apos;Windows 10&apos;, os.arch: &apos;amd64&apos;, os.version: &apos;10.0&apos;, java.version: &apos;1.8.0_271&apos;
Driver info: driver.version: AndroidDriver
remote stacktrace: InvalidArgumentError: &apos;platformName&apos; ios not part of Android
    at validateCaps (C:\Users\Bee\AppData\Roaming\npm\node_modules\appium\node_modules\appium-base-driver\lib\basedriver\capabilities.js:52:11)
    at parseCaps (C:\Users\Bee\AppData\Roaming\npm\node_modules\appium\node_modules\appium-base-driver\lib\basedriver\capabilities.js:165:20)
    at processCapabilities (C:\Users\Bee\AppData\Roaming\npm\node_modules\appium\node_modules\appium-base-driver\lib\basedriver\capabilities.js:211:43)
    at AndroidUiautomator2Driver.createSession (C:\Users\Bee\AppData\Roaming\npm\node_modules\appium\node_modules\appium-base-driver\lib\basedriver\commands\session.js:37:14)
    at AndroidUiautomator2Driver.createSession (C:\Users\Bee\AppData\Roaming\npm\node_modules\appium\node_modules\appium-uiautomator2-driver\lib\driver.js:171:43)
    at AppiumDriver.createSession (C:\Users\Bee\AppData\Roaming\npm\node_modules\appium\lib\appium.js:387:43)
    at processTicksAndRejections (internal/process/task_queues.js:95:5)
	at org.openqa.selenium.remote.W3CHandshakeResponse.lambda$errorHandler$0(W3CHandshakeResponse.java:62)
	at org.openqa.selenium.remote.HandshakeResponse.lambda$getResponseFunction$0(HandshakeResponse.java:30)
	at org.openqa.selenium.remote.ProtocolHandshake.lambda$createSession$0(ProtocolHandshake.java:126)
	at java.util.stream.ReferencePipeline$3$1.accept(ReferencePipeline.java:193)
	at java.util.Spliterators$ArraySpliterator.tryAdvance(Spliterators.java:958)
	at java.util.stream.ReferencePipeline.forEachWithCancel(ReferencePipeline.java:126)
	at java.util.stream.AbstractPipeline.copyIntoWithCancel(AbstractPipeline.java:499)
	at java.util.stream.AbstractPipeline.copyInto(AbstractPipeline.java:486)
	at java.util.stream.AbstractPipeline.wrapAndCopyInto(AbstractPipeline.java:472)
	at java.util.stream.FindOps$FindOp.evaluateSequential(FindOps.java:152)
	at java.util.stream.AbstractPipeline.evaluate(AbstractPipeline.java:234)
	at java.util.stream.ReferencePipeline.findFirst(ReferencePipeline.java:464)
	at org.openqa.selenium.remote.ProtocolHandshake.createSession(ProtocolHandshake.java:128)
	... 47 more
... Removed 37 stack frames</pre></div><a href='#' onClick='toggleBox("stack-trace1865982601", this, "Click to show all stack frames", "Click to hide stack frames")'>Click to show all stack frames</a>
<div class='stack-trace' id='stack-trace1865982601'><pre>org.openqa.selenium.SessionNotCreatedException: Unable to create a new remote session. Please check the server log for more details. Original error: &apos;platformName&apos; ios not part of Android
Build info: version: &apos;3.141.59&apos;, revision: &apos;e82be7d358&apos;, time: &apos;2018-11-14T08:17:03&apos;
System info: host: &apos;DESKTOP-H502BT9&apos;, ip: &apos;192.168.1.72&apos;, os.name: &apos;Windows 10&apos;, os.arch: &apos;amd64&apos;, os.version: &apos;10.0&apos;, java.version: &apos;1.8.0_271&apos;
Driver info: driver.version: AndroidDriver
remote stacktrace: InvalidArgumentError: &apos;platformName&apos; ios not part of Android
    at validateCaps (C:\Users\Bee\AppData\Roaming\npm\node_modules\appium\node_modules\appium-base-driver\lib\basedriver\capabilities.js:52:11)
    at parseCaps (C:\Users\Bee\AppData\Roaming\npm\node_modules\appium\node_modules\appium-base-driver\lib\basedriver\capabilities.js:165:20)
    at processCapabilities (C:\Users\Bee\AppData\Roaming\npm\node_modules\appium\node_modules\appium-base-driver\lib\basedriver\capabilities.js:211:43)
    at AndroidUiautomator2Driver.createSession (C:\Users\Bee\AppData\Roaming\npm\node_modules\appium\node_modules\appium-base-driver\lib\basedriver\commands\session.js:37:14)
    at AndroidUiautomator2Driver.createSession (C:\Users\Bee\AppData\Roaming\npm\node_modules\appium\node_modules\appium-uiautomator2-driver\lib\driver.js:171:43)
    at AppiumDriver.createSession (C:\Users\Bee\AppData\Roaming\npm\node_modules\appium\lib\appium.js:387:43)
    at processTicksAndRejections (internal/process/task_queues.js:95:5)
Build info: version: &apos;3.141.59&apos;, revision: &apos;e82be7d358&apos;, time: &apos;2018-11-14T08:17:03&apos;
System info: host: &apos;DESKTOP-H502BT9&apos;, ip: &apos;192.168.1.72&apos;, os.name: &apos;Windows 10&apos;, os.arch: &apos;amd64&apos;, os.version: &apos;10.0&apos;, java.version: &apos;1.8.0_271&apos;
Driver info: driver.version: AndroidDriver
	at io.appium.java_client.remote.AppiumCommandExecutor$1.createSession(AppiumCommandExecutor.java:216)
	at io.appium.java_client.remote.AppiumCommandExecutor.createSession(AppiumCommandExecutor.java:225)
	at io.appium.java_client.remote.AppiumCommandExecutor.execute(AppiumCommandExecutor.java:250)
	at org.openqa.selenium.remote.RemoteWebDriver.execute(RemoteWebDriver.java:552)
	at io.appium.java_client.DefaultGenericMobileDriver.execute(DefaultGenericMobileDriver.java:41)
	at io.appium.java_client.AppiumDriver.execute(AppiumDriver.java:1)
	at io.appium.java_client.android.AndroidDriver.execute(AndroidDriver.java:1)
	at org.openqa.selenium.remote.RemoteWebDriver.startSession(RemoteWebDriver.java:213)
	at io.appium.java_client.AppiumDriver.startSession(AppiumDriver.java:363)
	at org.openqa.selenium.remote.RemoteWebDriver.&lt;init&gt;(RemoteWebDriver.java:131)
	at io.appium.java_client.DefaultGenericMobileDriver.&lt;init&gt;(DefaultGenericMobileDriver.java:37)
	at io.appium.java_client.AppiumDriver.&lt;init&gt;(AppiumDriver.java:89)
	at io.appium.java_client.AppiumDriver.&lt;init&gt;(AppiumDriver.java:99)
	at io.appium.java_client.android.AndroidDriver.&lt;init&gt;(AndroidDriver.java:97)
	at com.qa.BaseTest.beforeTest(BaseTest.java:148)
	at sun.reflect.NativeMethodAccessorImpl.invoke0(Native Method)
	at sun.reflect.NativeMethodAccessorImpl.invoke(NativeMethodAccessorImpl.java:62)
	at sun.reflect.DelegatingMethodAccessorImpl.invoke(DelegatingMethodAccessorImpl.java:43)
	at java.lang.reflect.Method.invoke(Method.java:498)
	at org.testng.internal.invokers.MethodInvocationHelper.invokeMethod(MethodInvocationHelper.java:135)
	at org.testng.internal.invokers.MethodInvocationHelper.invokeMethodConsideringTimeout(MethodInvocationHelper.java:65)
	at org.testng.internal.invokers.ConfigInvoker.invokeConfigurationMethod(ConfigInvoker.java:381)
	at org.testng.internal.invokers.ConfigInvoker.invokeConfigurations(ConfigInvoker.java:319)
	at org.testng.TestRunner.invokeTestConfigurations(TestRunner.java:645)
	at org.testng.TestRunner.beforeRun(TestRunner.java:634)
	at org.testng.TestRunner.run(TestRunner.java:596)
	at org.testng.SuiteRunner.runTest(SuiteRunner.java:429)
	at org.testng.SuiteRunner.runSequentially(SuiteRunner.java:423)
	at org.testng.SuiteRunner.privateRun(SuiteRunner.java:383)
	at org.testng.SuiteRunner.run(SuiteRunner.java:326)
	at org.testng.SuiteRunnerWorker.runSuite(SuiteRunnerWorker.java:52)
	at org.testng.SuiteRunnerWorker.run(SuiteRunnerWorker.java:95)
	at org.testng.TestNG.runSuitesSequentially(TestNG.java:1249)
	at org.testng.TestNG.runSuitesLocally(TestNG.java:1169)
	at org.testng.TestNG.runSuites(TestNG.java:1092)
	at org.testng.TestNG.run(TestNG.java:1060)
	at org.apache.maven.surefire.testng.TestNGExecutor.run(TestNGExecutor.java:284)
	at org.apache.maven.surefire.testng.TestNGXmlTestSuite.execute(TestNGXmlTestSuite.java:75)
	at org.apache.maven.surefire.testng.TestNGProvider.invoke(TestNGProvider.java:119)
	at org.apache.maven.surefire.booter.ForkedBooter.runSuitesInProcess(ForkedBooter.java:428)
	at org.apache.maven.surefire.booter.ForkedBooter.execute(ForkedBooter.java:162)
	at org.apache.maven.surefire.booter.ForkedBooter.run(ForkedBooter.java:562)
	at org.apache.maven.surefire.booter.ForkedBooter.main(ForkedBooter.java:548)
Caused by: java.lang.reflect.InvocationTargetException
	at sun.reflect.NativeMethodAccessorImpl.invoke0(Native Method)
	at sun.reflect.NativeMethodAccessorImpl.invoke(NativeMethodAccessorImpl.java:62)
	at sun.reflect.DelegatingMethodAccessorImpl.invoke(DelegatingMethodAccessorImpl.java:43)
	at java.lang.reflect.Method.invoke(Method.java:498)
	at io.appium.java_client.remote.AppiumCommandExecutor$1.createSession(AppiumCommandExecutor.java:193)
	... 42 more
Caused by: org.openqa.selenium.InvalidArgumentException: &apos;platformName&apos; ios not part of Android
Build info: version: &apos;3.141.59&apos;, revision: &apos;e82be7d358&apos;, time: &apos;2018-11-14T08:17:03&apos;
System info: host: &apos;DESKTOP-H502BT9&apos;, ip: &apos;192.168.1.72&apos;, os.name: &apos;Windows 10&apos;, os.arch: &apos;amd64&apos;, os.version: &apos;10.0&apos;, java.version: &apos;1.8.0_271&apos;
Driver info: driver.version: AndroidDriver
remote stacktrace: InvalidArgumentError: &apos;platformName&apos; ios not part of Android
    at validateCaps (C:\Users\Bee\AppData\Roaming\npm\node_modules\appium\node_modules\appium-base-driver\lib\basedriver\capabilities.js:52:11)
    at parseCaps (C:\Users\Bee\AppData\Roaming\npm\node_modules\appium\node_modules\appium-base-driver\lib\basedriver\capabilities.js:165:20)
    at processCapabilities (C:\Users\Bee\AppData\Roaming\npm\node_modules\appium\node_modules\appium-base-driver\lib\basedriver\capabilities.js:211:43)
    at AndroidUiautomator2Driver.createSession (C:\Users\Bee\AppData\Roaming\npm\node_modules\appium\node_modules\appium-base-driver\lib\basedriver\commands\session.js:37:14)
    at AndroidUiautomator2Driver.createSession (C:\Users\Bee\AppData\Roaming\npm\node_modules\appium\node_modules\appium-uiautomator2-driver\lib\driver.js:171:43)
    at AppiumDriver.createSession (C:\Users\Bee\AppData\Roaming\npm\node_modules\appium\lib\appium.js:387:43)
    at processTicksAndRejections (internal/process/task_queues.js:95:5)
	at sun.reflect.NativeConstructorAccessorImpl.newInstance0(Native Method)
	at sun.reflect.NativeConstructorAccessorImpl.newInstance(NativeConstructorAccessorImpl.java:62)
	at sun.reflect.DelegatingConstructorAccessorImpl.newInstance(DelegatingConstructorAccessorImpl.java:45)
	at java.lang.reflect.Constructor.newInstance(Constructor.java:423)
	at org.openqa.selenium.remote.W3CHandshakeResponse.lambda$errorHandler$0(W3CHandshakeResponse.java:62)
	at org.openqa.selenium.remote.HandshakeResponse.lambda$getResponseFunction$0(HandshakeResponse.java:30)
	at org.openqa.selenium.remote.ProtocolHandshake.lambda$createSession$0(ProtocolHandshake.java:126)
	at java.util.stream.ReferencePipeline$3$1.accept(ReferencePipeline.java:193)
	at java.util.Spliterators$ArraySpliterator.tryAdvance(Spliterators.java:958)
	at java.util.stream.ReferencePipeline.forEachWithCancel(ReferencePipeline.java:126)
	at java.util.stream.AbstractPipeline.copyIntoWithCancel(AbstractPipeline.java:499)
	at java.util.stream.AbstractPipeline.copyInto(AbstractPipeline.java:486)
	at java.util.stream.AbstractPipeline.wrapAndCopyInto(AbstractPipeline.java:472)
	at java.util.stream.FindOps$FindOp.evaluateSequential(FindOps.java:152)
	at java.util.stream.AbstractPipeline.evaluate(AbstractPipeline.java:234)
	at java.util.stream.ReferencePipeline.findFirst(ReferencePipeline.java:464)
	at org.openqa.selenium.remote.ProtocolHandshake.createSession(ProtocolHandshake.java:128)
	... 47 more
</pre></div></td>
<td>0</td>
<td>tests.LoginTests@76a4d6c</td></tr>
</table><p>
</body>
</html>